<?xml version="1.0" encoding="UTF-8"?>
<!-- Generated by org.testng.reporters.JUnitXMLReporter -->
<testsuite hostname="EPRURYAW7112" ignored="0" name="FactoryForCircle" tests="15" failures="6" timestamp="05 фев 2019 11:13:56 GMT" time="0.062" errors="0">
  <testcase name="testGetCircle" time="0.0" classname="jar.TestsForCircle"/>
  <testcase name="testGetCircle" time="0.016" classname="jar.TestsForCircle"/>
  <testcase name="testGetCircle" time="0.0" classname="jar.TestsForCircle"/>
  <testcase name="testGetCircle" time="0.0" classname="jar.TestsForCircle"/>
  <testcase name="testGetCircle" time="0.0" classname="jar.TestsForCircle"/>
  <testcase name="testGetCircumference" time="0.0" classname="jar.TestsForCircle">
    <failure type="java.lang.AssertionError" message="expected [140.146] but found [-22.305]">
      <![CDATA[java.lang.AssertionError: expected [140.146] but found [-22.305]
at jar.TestsForCircle.testGetCircumference(TestsForCircle.java:25)
... Removed 30 stack frames]]>
    </failure>
  </testcase> <!-- testGetCircumference -->
  <testcase name="testGetCircumference" time="0.0" classname="jar.TestsForCircle">
    <failure type="java.lang.AssertionError" message="expected [118.438] but found [-18.85]">
      <![CDATA[java.lang.AssertionError: expected [118.438] but found [-18.85]
at jar.TestsForCircle.testGetCircumference(TestsForCircle.java:25)
... Removed 30 stack frames]]>
    </failure>
  </testcase> <!-- testGetCircumference -->
  <testcase name="testGetCircumference" time="0.0" classname="jar.TestsForCircle">
    <failure type="java.lang.AssertionError" message="expected [140.146] but found [22.305]">
      <![CDATA[java.lang.AssertionError: expected [140.146] but found [22.305]
at jar.TestsForCircle.testGetCircumference(TestsForCircle.java:25)
... Removed 30 stack frames]]>
    </failure>
  </testcase> <!-- testGetCircumference -->
  <testcase name="testGetCircumference" time="0.0" classname="jar.TestsForCircle">
    <failure type="java.lang.AssertionError" message="expected [118.438] but found [18.85]">
      <![CDATA[java.lang.AssertionError: expected [118.438] but found [18.85]
at jar.TestsForCircle.testGetCircumference(TestsForCircle.java:25)
... Removed 30 stack frames]]>
    </failure>
  </testcase> <!-- testGetCircumference -->
  <testcase name="testGetCircumference" time="0.0" classname="jar.TestsForCircle"/>
  <testcase name="testGetSquare" time="0.0" classname="jar.TestsForCircle">
    <failure type="java.lang.AssertionError" message="expected [0.0] but found [39.592]">
      <![CDATA[java.lang.AssertionError: expected [0.0] but found [39.592]
at jar.TestsForCircle.testGetSquare(TestsForCircle.java:32)
... Removed 30 stack frames]]>
    </failure>
  </testcase> <!-- testGetSquare -->
  <testcase name="testGetSquare" time="0.0" classname="jar.TestsForCircle">
    <failure type="java.lang.AssertionError" message="expected [0.0] but found [28.274]">
      <![CDATA[java.lang.AssertionError: expected [0.0] but found [28.274]
at jar.TestsForCircle.testGetSquare(TestsForCircle.java:32)
... Removed 30 stack frames]]>
    </failure>
  </testcase> <!-- testGetSquare -->
  <testcase name="testGetSquare" time="0.0" classname="jar.TestsForCircle"/>
  <testcase name="testGetSquare" time="0.0" classname="jar.TestsForCircle"/>
  <testcase name="testGetSquare" time="0.015" classname="jar.TestsForCircle"/>
</testsuite> <!-- FactoryForCircle -->
