<?xml version="1.0" encoding="UTF-8"?>
<!-- Generated by org.testng.reporters.JUnitXMLReporter -->
<testsuite hostname="EPRURYAW7112" ignored="0" name="QuadrateParameter1" tests="3" failures="2" timestamp="06 фев 2019 07:08:49 GMT" time="0.062" errors="0">
  <testcase name="testGetQuadrate" time="0.0" classname="jar.quadrate.TestsForGetQuadrate"/>
  <testcase name="testGetPerimeter" time="0.015" classname="jar.quadrate.TestsForGetQuadrate">
    <failure type="java.lang.AssertionError" message="expected [106.376] but found [-106.376]">
      <![CDATA[java.lang.AssertionError: expected [106.376] but found [-106.376]
at jar.quadrate.TestsForGetQuadrate.testGetPerimeter(TestsForGetQuadrate.java:23)
... Removed 30 stack frames]]>
    </failure>
  </testcase> <!-- testGetPerimeter -->
  <testcase name="testGetSquare" time="0.0" classname="jar.quadrate.TestsForGetQuadrate">
    <failure type="java.lang.AssertionError" message="expected [707.2408360000001] but found [707.241]">
      <![CDATA[java.lang.AssertionError: expected [707.2408360000001] but found [707.241]
at jar.quadrate.TestsForGetQuadrate.testGetSquare(TestsForGetQuadrate.java:31)
... Removed 30 stack frames]]>
    </failure>
  </testcase> <!-- testGetSquare -->
</testsuite> <!-- QuadrateParameter1 -->
