<?xml version="1.0" encoding="UTF-8"?>
<!-- Generated by org.testng.reporters.JUnitXMLReporter -->
<testsuite hostname="EPRURYAW7112" ignored="0" name="QuadrateParameter2" tests="3" failures="1" timestamp="06 фев 2019 07:08:49 GMT" time="0.016" errors="0">
  <testcase name="testGetQuadrate" time="0.0" classname="jar.quadrate.TestsForGetQuadrate"/>
  <testcase name="testGetPerimeter" time="0.0" classname="jar.quadrate.TestsForGetQuadrate">
    <failure type="java.lang.AssertionError" message="expected [12.0] but found [-12.0]">
      <![CDATA[java.lang.AssertionError: expected [12.0] but found [-12.0]
at jar.quadrate.TestsForGetQuadrate.testGetPerimeter(TestsForGetQuadrate.java:23)
... Removed 30 stack frames]]>
    </failure>
  </testcase> <!-- testGetPerimeter -->
  <testcase name="testGetSquare" time="0.0" classname="jar.quadrate.TestsForGetQuadrate"/>
</testsuite> <!-- QuadrateParameter2 -->
