<?xml version="1.0" encoding="UTF-8"?>
<!-- Generated by org.testng.reporters.JUnitXMLReporter -->
<testsuite hostname="EPRURYAW7112" name="QuadrateParameter3" tests="3" failures="1" timestamp="6 Feb 2019 15:33:02 GMT" time="0.0" errors="0">
  <testcase name="testGetQuadrate" time="0.0" classname="jar.quadrate.TestsForQuadrate"/>
  <testcase name="testGetPerimeter" time="0.0" classname="jar.quadrate.TestsForQuadrate">
    <failure type="java.lang.AssertionError" message="expected [0.0] but found [-1.0]">
      <![CDATA[java.lang.AssertionError: expected [0.0] but found [-1.0]
	at jar.quadrate.TestsForQuadrate.testGetPerimeter(TestsForQuadrate.java:23)
	at org.apache.maven.surefire.testng.TestNGExecutor.run(TestNGExecutor.java:178)
	at org.apache.maven.surefire.testng.TestNGXmlTestSuite.execute(TestNGXmlTestSuite.java:92)
	at org.apache.maven.surefire.testng.TestNGProvider.invoke(TestNGProvider.java:96)
	at org.apache.maven.surefire.util.ReflectionUtils.invokeMethodWithArray2(ReflectionUtils.java:208)
	at org.apache.maven.surefire.booter.ProviderFactory$ProviderProxy.invoke(ProviderFactory.java:159)
	at org.apache.maven.surefire.booter.ProviderFactory.invokeProvider(ProviderFactory.java:87)
	at org.apache.maven.surefire.booter.ForkedBooter.runSuitesInProcess(ForkedBooter.java:153)
	at org.apache.maven.surefire.booter.ForkedBooter.main(ForkedBooter.java:95)
... Removed 29 stack frames]]>
    </failure>
  </testcase> <!-- testGetPerimeter -->
  <testcase name="testGetSquare" time="0.0" classname="jar.quadrate.TestsForQuadrate"/>
</testsuite> <!-- QuadrateParameter3 -->
