-------------------------------------------------------------------------------
Test set: TestSuite
-------------------------------------------------------------------------------
Tests run: 75, Failures: 30, Errors: 0, Skipped: 0, Time elapsed: 0.918 sec <<< FAILURE!
testGetPerimeter(jar.quadrate.TestsForQuadrate)  Time elapsed: 0.016 sec  <<< FAILURE!
java.lang.AssertionError: expected [-106.376] but found [106.376]
	at org.testng.Assert.fail(Assert.java:94)
	at org.testng.Assert.failNotEquals(Assert.java:494)
	at org.testng.Assert.assertEquals(Assert.java:123)
	at org.testng.Assert.assertEquals(Assert.java:165)
	at jar.quadrate.TestsForQuadrate.testGetPerimeter(TestsForQuadrate.java:23)

testGetPerimeter(jar.quadrate.TestsForQuadrate)  Time elapsed: 0 sec  <<< FAILURE!
java.lang.AssertionError: expected [-12.0] but found [12.0]
	at org.testng.Assert.fail(Assert.java:94)
	at org.testng.Assert.failNotEquals(Assert.java:494)
	at org.testng.Assert.assertEquals(Assert.java:123)
	at org.testng.Assert.assertEquals(Assert.java:165)
	at jar.quadrate.TestsForQuadrate.testGetPerimeter(TestsForQuadrate.java:23)

testGetPerimeter(jar.quadrate.TestsForQuadrate)  Time elapsed: 0 sec  <<< FAILURE!
java.lang.AssertionError: expected [0.0] but found [-1.0]
	at org.testng.Assert.fail(Assert.java:94)
	at org.testng.Assert.failNotEquals(Assert.java:494)
	at org.testng.Assert.assertEquals(Assert.java:123)
	at org.testng.Assert.assertEquals(Assert.java:165)
	at jar.quadrate.TestsForQuadrate.testGetPerimeter(TestsForQuadrate.java:23)

testForFailing(jar.ExpectedExeption)  Time elapsed: 0 sec  <<< FAILURE!
org.testng.TestException: 
Method ExpectedExeption.testForFailing(double)[pri:0, instance:jar.ExpectedExeption@4b2bac3f] should have thrown an exception of class java.lang.Exception
	at org.testng.internal.Invoker.handleInvocationResults(Invoker.java:1512)
	at org.testng.internal.Invoker.invokeMethod(Invoker.java:754)
	at org.testng.internal.Invoker.invokeTestMethod(Invoker.java:901)
	at org.testng.internal.Invoker.invokeTestMethods(Invoker.java:1231)
	at org.testng.internal.TestMethodWorker.invokeTestMethods(TestMethodWorker.java:127)
	at org.testng.internal.TestMethodWorker.run(TestMethodWorker.java:111)
	at org.testng.TestRunner.privateRun(TestRunner.java:767)
	at org.testng.TestRunner.run(TestRunner.java:617)
	at org.testng.SuiteRunner.runTest(SuiteRunner.java:334)
	at org.testng.SuiteRunner.runSequentially(SuiteRunner.java:329)
	at org.testng.SuiteRunner.privateRun(SuiteRunner.java:291)
	at org.testng.SuiteRunner.run(SuiteRunner.java:240)
	at org.testng.SuiteRunnerWorker.runSuite(SuiteRunnerWorker.java:52)
	at org.testng.SuiteRunnerWorker.run(SuiteRunnerWorker.java:86)
	at org.testng.TestNG.runSuitesSequentially(TestNG.java:1198)
	at org.testng.TestNG.runSuitesLocally(TestNG.java:1123)
	at org.testng.TestNG.run(TestNG.java:1031)
	at org.apache.maven.surefire.testng.TestNGExecutor.run(TestNGExecutor.java:178)
	at org.apache.maven.surefire.testng.TestNGXmlTestSuite.execute(TestNGXmlTestSuite.java:92)
	at org.apache.maven.surefire.testng.TestNGProvider.invoke(TestNGProvider.java:96)
	at sun.reflect.NativeMethodAccessorImpl.invoke0(Native Method)
	at sun.reflect.NativeMethodAccessorImpl.invoke(NativeMethodAccessorImpl.java:62)
	at sun.reflect.DelegatingMethodAccessorImpl.invoke(DelegatingMethodAccessorImpl.java:43)
	at java.lang.reflect.Method.invoke(Method.java:498)
	at org.apache.maven.surefire.util.ReflectionUtils.invokeMethodWithArray2(ReflectionUtils.java:208)
	at org.apache.maven.surefire.booter.ProviderFactory$ProviderProxy.invoke(ProviderFactory.java:159)
	at org.apache.maven.surefire.booter.ProviderFactory.invokeProvider(ProviderFactory.java:87)
	at org.apache.maven.surefire.booter.ForkedBooter.runSuitesInProcess(ForkedBooter.java:153)
	at org.apache.maven.surefire.booter.ForkedBooter.main(ForkedBooter.java:95)

testGetCircumference(jar.circle.TestsForCircle)  Time elapsed: 0 sec  <<< FAILURE!
java.lang.AssertionError: expected [-22.305] but found [140.146]
	at org.testng.Assert.fail(Assert.java:94)
	at org.testng.Assert.failNotEquals(Assert.java:494)
	at org.testng.Assert.assertEquals(Assert.java:123)
	at org.testng.Assert.assertEquals(Assert.java:165)
	at jar.circle.TestsForCircle.testGetCircumference(TestsForCircle.java:26)

testGetCircumference(jar.circle.TestsForCircle)  Time elapsed: 0.016 sec  <<< FAILURE!
java.lang.AssertionError: expected [18.85] but found [118.438]
	at org.testng.Assert.fail(Assert.java:94)
	at org.testng.Assert.failNotEquals(Assert.java:494)
	at org.testng.Assert.assertEquals(Assert.java:123)
	at org.testng.Assert.assertEquals(Assert.java:165)
	at jar.circle.TestsForCircle.testGetCircumference(TestsForCircle.java:26)

testGetCircumference(jar.circle.TestsForCircle)  Time elapsed: 0 sec  <<< FAILURE!
java.lang.AssertionError: expected [-18.85] but found [118.438]
	at org.testng.Assert.fail(Assert.java:94)
	at org.testng.Assert.failNotEquals(Assert.java:494)
	at org.testng.Assert.assertEquals(Assert.java:123)
	at org.testng.Assert.assertEquals(Assert.java:165)
	at jar.circle.TestsForCircle.testGetCircumference(TestsForCircle.java:26)

testGetCircumference(jar.circle.TestsForCircle)  Time elapsed: 0 sec  <<< FAILURE!
java.lang.AssertionError: expected [22.305] but found [140.146]
	at org.testng.Assert.fail(Assert.java:94)
	at org.testng.Assert.failNotEquals(Assert.java:494)
	at org.testng.Assert.assertEquals(Assert.java:123)
	at org.testng.Assert.assertEquals(Assert.java:165)
	at jar.circle.TestsForCircle.testGetCircumference(TestsForCircle.java:26)

testGetSquare(jar.circle.TestsForCircle)  Time elapsed: 0 sec  <<< FAILURE!
java.lang.AssertionError: expected [39.592] but found [0.0]
	at org.testng.Assert.fail(Assert.java:94)
	at org.testng.Assert.failNotEquals(Assert.java:494)
	at org.testng.Assert.assertEquals(Assert.java:123)
	at org.testng.Assert.assertEquals(Assert.java:165)
	at jar.circle.TestsForCircle.testGetSquare(TestsForCircle.java:34)

testGetSquare(jar.circle.TestsForCircle)  Time elapsed: 0 sec  <<< FAILURE!
java.lang.AssertionError: expected [28.274] but found [0.0]
	at org.testng.Assert.fail(Assert.java:94)
	at org.testng.Assert.failNotEquals(Assert.java:494)
	at org.testng.Assert.assertEquals(Assert.java:123)
	at org.testng.Assert.assertEquals(Assert.java:165)
	at jar.circle.TestsForCircle.testGetSquare(TestsForCircle.java:34)

testGetPerimeter(jar.rectangle.TestsForRectangle)  Time elapsed: 0.016 sec  <<< FAILURE!
java.lang.AssertionError: expected [114.917372] but found [115.917372]
	at org.testng.Assert.fail(Assert.java:94)
	at org.testng.Assert.failNotEquals(Assert.java:494)
	at org.testng.Assert.assertEquals(Assert.java:123)
	at org.testng.Assert.assertEquals(Assert.java:165)
	at jar.rectangle.TestsForRectangle.testGetPerimeter(TestsForRectangle.java:22)

testGetPerimeter(jar.rectangle.TestsForRectangle)  Time elapsed: 0 sec  <<< FAILURE!
java.lang.AssertionError: expected [-11921.264] but found [11936.972]
	at org.testng.Assert.fail(Assert.java:94)
	at org.testng.Assert.failNotEquals(Assert.java:494)
	at org.testng.Assert.assertEquals(Assert.java:123)
	at org.testng.Assert.assertEquals(Assert.java:165)
	at jar.rectangle.TestsForRectangle.testGetPerimeter(TestsForRectangle.java:22)

testGetPerimeter(jar.rectangle.TestsForRectangle)  Time elapsed: 0 sec  <<< FAILURE!
java.lang.AssertionError: expected [-6445.49] but found [13217.26]
	at org.testng.Assert.fail(Assert.java:94)
	at org.testng.Assert.failNotEquals(Assert.java:494)
	at org.testng.Assert.assertEquals(Assert.java:123)
	at org.testng.Assert.assertEquals(Assert.java:165)
	at jar.rectangle.TestsForRectangle.testGetPerimeter(TestsForRectangle.java:22)

testGetPerimeter(jar.rectangle.TestsForRectangle)  Time elapsed: 0 sec  <<< FAILURE!
java.lang.AssertionError: expected [-176.0] but found [182.0]
	at org.testng.Assert.fail(Assert.java:94)
	at org.testng.Assert.failNotEquals(Assert.java:494)
	at org.testng.Assert.assertEquals(Assert.java:123)
	at org.testng.Assert.assertEquals(Assert.java:165)
	at jar.rectangle.TestsForRectangle.testGetPerimeter(TestsForRectangle.java:22)

testGetPerimeter(jar.rectangle.TestsForRectangle)  Time elapsed: 0 sec  <<< FAILURE!
java.lang.AssertionError: expected [-16.0] but found [16.0]
	at org.testng.Assert.fail(Assert.java:94)
	at org.testng.Assert.failNotEquals(Assert.java:494)
	at org.testng.Assert.assertEquals(Assert.java:123)
	at org.testng.Assert.assertEquals(Assert.java:165)
	at jar.rectangle.TestsForRectangle.testGetPerimeter(TestsForRectangle.java:22)

testGetPerimeter(jar.rectangle.TestsForRectangle)  Time elapsed: 0 sec  <<< FAILURE!
java.lang.AssertionError: expected [-8454.4554] but found [16908.9108]
	at org.testng.Assert.fail(Assert.java:94)
	at org.testng.Assert.failNotEquals(Assert.java:494)
	at org.testng.Assert.assertEquals(Assert.java:123)
	at org.testng.Assert.assertEquals(Assert.java:165)
	at jar.rectangle.TestsForRectangle.testGetPerimeter(TestsForRectangle.java:22)

testGetPerimeter(jar.rectangle.TestsForRectangle)  Time elapsed: 0 sec  <<< FAILURE!
java.lang.AssertionError: expected [52.00000000000001] but found [52.00000000000002]
	at org.testng.Assert.fail(Assert.java:94)
	at org.testng.Assert.failNotEquals(Assert.java:494)
	at org.testng.Assert.assertEquals(Assert.java:123)
	at org.testng.Assert.assertEquals(Assert.java:165)
	at jar.rectangle.TestsForRectangle.testGetPerimeter(TestsForRectangle.java:22)

testGetPerimeter(jar.rectangle.TestsForRectangle)  Time elapsed: 0 sec  <<< FAILURE!
java.lang.AssertionError: expected [6.0] but found [8.0]
	at org.testng.Assert.fail(Assert.java:94)
	at org.testng.Assert.failNotEquals(Assert.java:494)
	at org.testng.Assert.assertEquals(Assert.java:123)
	at org.testng.Assert.assertEquals(Assert.java:165)
	at jar.rectangle.TestsForRectangle.testGetPerimeter(TestsForRectangle.java:22)

testGetPerimeter(jar.rectangle.TestsForRectangle)  Time elapsed: 0 sec  <<< FAILURE!
java.lang.AssertionError: expected [168.78] but found [225.1]
	at org.testng.Assert.fail(Assert.java:94)
	at org.testng.Assert.failNotEquals(Assert.java:494)
	at org.testng.Assert.assertEquals(Assert.java:123)
	at org.testng.Assert.assertEquals(Assert.java:165)
	at jar.rectangle.TestsForRectangle.testGetPerimeter(TestsForRectangle.java:22)

testGetPerimeter(jar.rectangle.TestsForRectangle)  Time elapsed: 0 sec  <<< FAILURE!
java.lang.AssertionError: expected [1.5E-12] but found [2.0E-12]
	at org.testng.Assert.fail(Assert.java:94)
	at org.testng.Assert.failNotEquals(Assert.java:494)
	at org.testng.Assert.assertEquals(Assert.java:123)
	at org.testng.Assert.assertEquals(Assert.java:165)
	at jar.rectangle.TestsForRectangle.testGetPerimeter(TestsForRectangle.java:22)

testGetSquare(jar.rectangle.TestsForRectangle)  Time elapsed: 0 sec  <<< FAILURE!
java.lang.AssertionError: expected [-31223.576999999997] but found [31223.576999999997]
	at org.testng.Assert.fail(Assert.java:94)
	at org.testng.Assert.failNotEquals(Assert.java:494)
	at org.testng.Assert.assertEquals(Assert.java:123)
	at org.testng.Assert.assertEquals(Assert.java:165)
	at jar.rectangle.TestsForRectangle.testGetSquare(TestsForRectangle.java:29)

testGetSquare(jar.rectangle.TestsForRectangle)  Time elapsed: 0 sec  <<< FAILURE!
java.lang.AssertionError: expected [-356420.115] but found [4.29581930625E7]
	at org.testng.Assert.fail(Assert.java:94)
	at org.testng.Assert.failNotEquals(Assert.java:494)
	at org.testng.Assert.assertEquals(Assert.java:123)
	at org.testng.Assert.assertEquals(Assert.java:165)
	at jar.rectangle.TestsForRectangle.testGetSquare(TestsForRectangle.java:29)

testGetSquare(jar.rectangle.TestsForRectangle)  Time elapsed: 0 sec  <<< FAILURE!
java.lang.AssertionError: expected [-0.0] but found [0.0]
	at org.testng.Assert.fail(Assert.java:94)
	at org.testng.Assert.failNotEquals(Assert.java:494)
	at org.testng.Assert.assertEquals(Assert.java:123)
	at org.testng.Assert.assertEquals(Assert.java:165)
	at jar.rectangle.TestsForRectangle.testGetSquare(TestsForRectangle.java:29)

testGetSquare(jar.rectangle.TestsForRectangle)  Time elapsed: 0 sec  <<< FAILURE!
java.lang.AssertionError: expected [-0.0] but found [7.147781611058918E7]
	at org.testng.Assert.fail(Assert.java:94)
	at org.testng.Assert.failNotEquals(Assert.java:494)
	at org.testng.Assert.assertEquals(Assert.java:123)
	at org.testng.Assert.assertEquals(Assert.java:165)
	at jar.rectangle.TestsForRectangle.testGetSquare(TestsForRectangle.java:29)

testGetSquare(jar.rectangle.TestsForRectangle)  Time elapsed: 0 sec  <<< FAILURE!
java.lang.AssertionError: expected [3166.8736] but found [3171.9424]
	at org.testng.Assert.fail(Assert.java:94)
	at org.testng.Assert.failNotEquals(Assert.java:494)
	at org.testng.Assert.assertEquals(Assert.java:123)
	at org.testng.Assert.assertEquals(Assert.java:165)
	at jar.rectangle.TestsForRectangle.testGetSquare(TestsForRectangle.java:29)

testIsQuadrate(jar.rectangle.TestsForRectangle)  Time elapsed: 0 sec  <<< FAILURE!
java.lang.AssertionError: expected [false] but found [true]
	at org.testng.Assert.fail(Assert.java:94)
	at org.testng.Assert.failNotEquals(Assert.java:494)
	at org.testng.Assert.assertEquals(Assert.java:123)
	at org.testng.Assert.assertEquals(Assert.java:286)
	at org.testng.Assert.assertEquals(Assert.java:296)
	at jar.rectangle.TestsForRectangle.testIsQuadrate(TestsForRectangle.java:36)

testIsQuadrate(jar.rectangle.TestsForRectangle)  Time elapsed: 0 sec  <<< FAILURE!
java.lang.AssertionError: expected [false] but found [true]
	at org.testng.Assert.fail(Assert.java:94)
	at org.testng.Assert.failNotEquals(Assert.java:494)
	at org.testng.Assert.assertEquals(Assert.java:123)
	at org.testng.Assert.assertEquals(Assert.java:286)
	at org.testng.Assert.assertEquals(Assert.java:296)
	at jar.rectangle.TestsForRectangle.testIsQuadrate(TestsForRectangle.java:36)

testIsQuadrate(jar.rectangle.TestsForRectangle)  Time elapsed: 0 sec  <<< FAILURE!
java.lang.AssertionError: expected [false] but found [true]
	at org.testng.Assert.fail(Assert.java:94)
	at org.testng.Assert.failNotEquals(Assert.java:494)
	at org.testng.Assert.assertEquals(Assert.java:123)
	at org.testng.Assert.assertEquals(Assert.java:286)
	at org.testng.Assert.assertEquals(Assert.java:296)
	at jar.rectangle.TestsForRectangle.testIsQuadrate(TestsForRectangle.java:36)

testIsQuadrate(jar.rectangle.TestsForRectangle)  Time elapsed: 0 sec  <<< FAILURE!
java.lang.AssertionError: expected [false] but found [true]
	at org.testng.Assert.fail(Assert.java:94)
	at org.testng.Assert.failNotEquals(Assert.java:494)
	at org.testng.Assert.assertEquals(Assert.java:123)
	at org.testng.Assert.assertEquals(Assert.java:286)
	at org.testng.Assert.assertEquals(Assert.java:296)
	at jar.rectangle.TestsForRectangle.testIsQuadrate(TestsForRectangle.java:36)

testIsQuadrate(jar.rectangle.TestsForRectangle)  Time elapsed: 0 sec  <<< FAILURE!
java.lang.AssertionError: expected [false] but found [true]
	at org.testng.Assert.fail(Assert.java:94)
	at org.testng.Assert.failNotEquals(Assert.java:494)
	at org.testng.Assert.assertEquals(Assert.java:123)
	at org.testng.Assert.assertEquals(Assert.java:286)
	at org.testng.Assert.assertEquals(Assert.java:296)
	at jar.rectangle.TestsForRectangle.testIsQuadrate(TestsForRectangle.java:36)

