<?xml version="1.0" encoding="UTF-8"?>
<!-- Generated by org.testng.reporters.JUnitXMLReporter -->
<testsuite hostname="EPRURYAW7112" ignored="0" name="QuadrateParameter1" tests="3" failures="1" timestamp="06 фев 2019 15:37:13 GMT" time="0.047" errors="0">
  <testcase name="testGetQuadrate" time="0.016" classname="jar.quadrate.TestsForQuadrate"/>
  <testcase name="testGetPerimeter" time="0.0" classname="jar.quadrate.TestsForQuadrate">
    <failure type="java.lang.AssertionError" message="expected [-106.376] but found [106.376]">
      <![CDATA[java.lang.AssertionError: expected [-106.376] but found [106.376]
at jar.quadrate.TestsForQuadrate.testGetPerimeter(TestsForQuadrate.java:23)
... Removed 30 stack frames]]>
    </failure>
  </testcase> <!-- testGetPerimeter -->
  <testcase name="testGetSquare" time="0.016" classname="jar.quadrate.TestsForQuadrate"/>
</testsuite> <!-- QuadrateParameter1 -->
