<!DOCTYPE html PUBLIC "-//W3C//DTD XHTML 1.1//EN" "http://www.w3.org/TR/xhtml11/DTD/xhtml11.dtd">
<html xmlns="http://www.w3.org/1999/xhtml">
<head>
<meta http-equiv="content-type" content="text/html; charset=UTF-8"/>
<title>TestNG Report</title>
<style type="text/css">table {margin-bottom:10px;border-collapse:collapse;empty-cells:show}th,td {border:1px solid #009;padding:.25em .5em}th {vertical-align:bottom}td {vertical-align:top}table a {font-weight:bold}.stripe td {background-color: #E6EBF9}.num {text-align:right}.passedodd td {background-color: #3F3}.passedeven td {background-color: #0A0}.skippedodd td {background-color: #DDD}.skippedeven td {background-color: #CCC}.failedodd td,.attn {background-color: #F33}.failedeven td,.stripe .attn {background-color: #D00}.stacktrace {white-space:pre;font-family:monospace}.totop {font-size:85%;text-align:center;border-bottom:2px solid #000}.invisible {display:none}</style>
</head>
<body>
<table>
<tr><th>Test</th><th># Passed</th><th># Skipped</th><th># Failed</th><th>Time (ms)</th><th>Included Groups</th><th>Excluded Groups</th></tr>
<tr><th colspan="7">Tests for GeometricObjects</th></tr>
<tr><td><a href="#t0">QuadrateParameter1</a></td><td class="num">2</td><td class="num">0</td><td class="num attn">1</td><td class="num">47</td><td></td><td></td></tr>
<tr class="stripe"><td><a href="#t1">QuadrateParameter2</a></td><td class="num">2</td><td class="num">0</td><td class="num attn">1</td><td class="num">0</td><td></td><td></td></tr>
<tr><td><a href="#t2">QuadrateParameter3</a></td><td class="num">2</td><td class="num">0</td><td class="num attn">1</td><td class="num">0</td><td></td><td></td></tr>
<tr class="stripe"><td><a href="#t3">QuadrateParameter4</a></td><td class="num">3</td><td class="num">0</td><td class="num">0</td><td class="num">15</td><td></td><td></td></tr>
<tr><td><a href="#t4">QuadrateParameter5</a></td><td class="num">3</td><td class="num">0</td><td class="num">0</td><td class="num">16</td><td></td><td></td></tr>
<tr class="stripe"><td><a href="#t5">QuadrateParameter6</a></td><td class="num">0</td><td class="num">0</td><td class="num attn">1</td><td class="num">0</td><td></td><td></td></tr>
<tr><td><a href="#t6">TestsWithFactoryForCircle</a></td><td class="num">9</td><td class="num">0</td><td class="num attn">6</td><td class="num">47</td><td></td><td></td></tr>
<tr class="stripe"><td><a href="#t7">TestsWithDataProviderForRectangle</a></td><td class="num">24</td><td class="num">0</td><td class="num attn">20</td><td class="num">100</td><td></td><td></td></tr>
<tr><th>Total</th><th class="num">45</th><th class="num">0</th><th class="num attn">30</th><th class="num">225</th><th colspan="2"></th></tr>
</table>
<table id='summary'><thead><tr><th>Class</th><th>Method</th><th>Start</th><th>Time (ms)</th></tr></thead><tbody><tr><th colspan="4">Tests for GeometricObjects</th></tr></tbody><tbody id="t0"><tr><th colspan="4">QuadrateParameter1 &#8212; failed</th></tr><tr class="failedeven"><td rowspan="1">jar.quadrate.TestsForQuadrate</td><td><a href="#m0">testGetPerimeter</a></td><td rowspan="1">1549467433689</td><td rowspan="1">0</td></tr><tr><th colspan="4">QuadrateParameter1 &#8212; passed</th></tr><tr class="passedeven"><td rowspan="2">jar.quadrate.TestsForQuadrate</td><td><a href="#m1">testGetQuadrate</a></td><td rowspan="1">1549467433673</td><td rowspan="1">16</td></tr><tr class="passedeven"><td><a href="#m2">testGetSquare</a></td><td rowspan="1">1549467433689</td><td rowspan="1">16</td></tr></tbody>
<tbody id="t1"><tr><th colspan="4">QuadrateParameter2 &#8212; failed</th></tr><tr class="failedeven"><td rowspan="1">jar.quadrate.TestsForQuadrate</td><td><a href="#m3">testGetPerimeter</a></td><td rowspan="1">1549467433742</td><td rowspan="1">0</td></tr><tr><th colspan="4">QuadrateParameter2 &#8212; passed</th></tr><tr class="passedeven"><td rowspan="2">jar.quadrate.TestsForQuadrate</td><td><a href="#m4">testGetQuadrate</a></td><td rowspan="1">1549467433742</td><td rowspan="1">0</td></tr><tr class="passedeven"><td><a href="#m5">testGetSquare</a></td><td rowspan="1">1549467433742</td><td rowspan="1">0</td></tr></tbody>
<tbody id="t2"><tr><th colspan="4">QuadrateParameter3 &#8212; failed</th></tr><tr class="failedeven"><td rowspan="1">jar.quadrate.TestsForQuadrate</td><td><a href="#m6">testGetPerimeter</a></td><td rowspan="1">1549467433758</td><td rowspan="1">0</td></tr><tr><th colspan="4">QuadrateParameter3 &#8212; passed</th></tr><tr class="passedeven"><td rowspan="2">jar.quadrate.TestsForQuadrate</td><td><a href="#m7">testGetQuadrate</a></td><td rowspan="1">1549467433758</td><td rowspan="1">0</td></tr><tr class="passedeven"><td><a href="#m8">testGetSquare</a></td><td rowspan="1">1549467433758</td><td rowspan="1">0</td></tr></tbody>
<tbody id="t3"><tr><th colspan="4">QuadrateParameter4 &#8212; passed</th></tr><tr class="passedeven"><td rowspan="3">jar.quadrate.TestsForQuadrate</td><td><a href="#m9">testGetPerimeter</a></td><td rowspan="1">1549467433774</td><td rowspan="1">0</td></tr><tr class="passedeven"><td><a href="#m10">testGetQuadrate</a></td><td rowspan="1">1549467433774</td><td rowspan="1">0</td></tr><tr class="passedeven"><td><a href="#m11">testGetSquare</a></td><td rowspan="1">1549467433789</td><td rowspan="1">0</td></tr></tbody>
<tbody id="t4"><tr><th colspan="4">QuadrateParameter5 &#8212; passed</th></tr><tr class="passedeven"><td rowspan="3">jar.quadrate.TestsForQuadrate</td><td><a href="#m12">testGetPerimeter</a></td><td rowspan="1">1549467433789</td><td rowspan="1">0</td></tr><tr class="passedeven"><td><a href="#m13">testGetQuadrate</a></td><td rowspan="1">1549467433789</td><td rowspan="1">0</td></tr><tr class="passedeven"><td><a href="#m14">testGetSquare</a></td><td rowspan="1">1549467433789</td><td rowspan="1">0</td></tr></tbody>
<tbody id="t5"><tr><th colspan="4">QuadrateParameter6 &#8212; failed</th></tr><tr class="failedeven"><td rowspan="1">jar.ExpectedExeption</td><td><a href="#m15">testForFailing</a></td><td rowspan="1">1549467433811</td><td rowspan="1">0</td></tr></tbody>
<tbody id="t6"><tr><th colspan="4">TestsWithFactoryForCircle &#8212; failed</th></tr><tr class="failedeven"><td rowspan="6">jar.circle.TestsForCircle</td><td><a href="#m16">testGetCircumference</a></td><td rowspan="4">1549467433843</td><td rowspan="4">0</td></tr><tr class="failedeven"><td><a href="#m17">testGetCircumference</a></td></tr><tr class="failedeven"><td><a href="#m18">testGetCircumference</a></td></tr><tr class="failedeven"><td><a href="#m19">testGetCircumference</a></td></tr><tr class="failedeven"><td><a href="#m20">testGetSquare</a></td><td rowspan="2">1549467433858</td><td rowspan="2">0</td></tr><tr class="failedeven"><td><a href="#m21">testGetSquare</a></td></tr><tr><th colspan="4">TestsWithFactoryForCircle &#8212; passed</th></tr><tr class="passedeven"><td rowspan="9">jar.circle.TestsForCircle</td><td><a href="#m22">testGetCircle</a></td><td rowspan="5">1549467433827</td><td rowspan="5">0</td></tr><tr class="passedeven"><td><a href="#m23">testGetCircle</a></td></tr><tr class="passedeven"><td><a href="#m24">testGetCircle</a></td></tr><tr class="passedeven"><td><a href="#m25">testGetCircle</a></td></tr><tr class="passedeven"><td><a href="#m26">testGetCircle</a></td></tr><tr class="passedeven"><td><a href="#m27">testGetCircumference</a></td><td rowspan="1">1549467433843</td><td rowspan="1">0</td></tr><tr class="passedeven"><td><a href="#m28">testGetSquare</a></td><td rowspan="3">1549467433858</td><td rowspan="3">0</td></tr><tr class="passedeven"><td><a href="#m29">testGetSquare</a></td></tr><tr class="passedeven"><td><a href="#m30">testGetSquare</a></td></tr></tbody>
<tbody id="t7"><tr><th colspan="4">TestsWithDataProviderForRectangle &#8212; failed</th></tr><tr class="failedeven"><td rowspan="20">jar.rectangle.TestsForRectangle</td><td><a href="#m31">testGetPerimeter</a></td><td rowspan="10">1549467433912</td><td rowspan="10">0</td></tr><tr class="failedeven"><td><a href="#m32">testGetPerimeter</a></td></tr><tr class="failedeven"><td><a href="#m33">testGetPerimeter</a></td></tr><tr class="failedeven"><td><a href="#m34">testGetPerimeter</a></td></tr><tr class="failedeven"><td><a href="#m35">testGetPerimeter</a></td></tr><tr class="failedeven"><td><a href="#m36">testGetPerimeter</a></td></tr><tr class="failedeven"><td><a href="#m37">testGetPerimeter</a></td></tr><tr class="failedeven"><td><a href="#m38">testGetPerimeter</a></td></tr><tr class="failedeven"><td><a href="#m39">testGetPerimeter</a></td></tr><tr class="failedeven"><td><a href="#m40">testGetPerimeter</a></td></tr><tr class="failedeven"><td><a href="#m41">testGetSquare</a></td><td rowspan="5">1549467433959</td><td rowspan="5">0</td></tr><tr class="failedeven"><td><a href="#m42">testGetSquare</a></td></tr><tr class="failedeven"><td><a href="#m43">testGetSquare</a></td></tr><tr class="failedeven"><td><a href="#m44">testGetSquare</a></td></tr><tr class="failedeven"><td><a href="#m45">testGetSquare</a></td></tr><tr class="failedeven"><td><a href="#m46">testIsQuadrate</a></td><td rowspan="5">1549467433974</td><td rowspan="5">0</td></tr><tr class="failedeven"><td><a href="#m47">testIsQuadrate</a></td></tr><tr class="failedeven"><td><a href="#m48">testIsQuadrate</a></td></tr><tr class="failedeven"><td><a href="#m49">testIsQuadrate</a></td></tr><tr class="failedeven"><td><a href="#m50">testIsQuadrate</a></td></tr><tr><th colspan="4">TestsWithDataProviderForRectangle &#8212; passed</th></tr><tr class="passedeven"><td rowspan="24">jar.rectangle.TestsForRectangle</td><td><a href="#m51">testGetPerimeter</a></td><td rowspan="1">1549467433874</td><td rowspan="1">0</td></tr><tr class="passedeven"><td><a href="#m52">testGetRectangle</a></td><td rowspan="11">1549467433927</td><td rowspan="11">0</td></tr><tr class="passedeven"><td><a href="#m53">testGetRectangle</a></td></tr><tr class="passedeven"><td><a href="#m54">testGetRectangle</a></td></tr><tr class="passedeven"><td><a href="#m55">testGetRectangle</a></td></tr><tr class="passedeven"><td><a href="#m56">testGetRectangle</a></td></tr><tr class="passedeven"><td><a href="#m57">testGetRectangle</a></td></tr><tr class="passedeven"><td><a href="#m58">testGetRectangle</a></td></tr><tr class="passedeven"><td><a href="#m59">testGetRectangle</a></td></tr><tr class="passedeven"><td><a href="#m60">testGetRectangle</a></td></tr><tr class="passedeven"><td><a href="#m61">testGetRectangle</a></td></tr><tr class="passedeven"><td><a href="#m62">testGetRectangle</a></td></tr><tr class="passedeven"><td><a href="#m63">testGetSquare</a></td><td rowspan="6">1549467433959</td><td rowspan="6">0</td></tr><tr class="passedeven"><td><a href="#m64">testGetSquare</a></td></tr><tr class="passedeven"><td><a href="#m65">testGetSquare</a></td></tr><tr class="passedeven"><td><a href="#m66">testGetSquare</a></td></tr><tr class="passedeven"><td><a href="#m67">testGetSquare</a></td></tr><tr class="passedeven"><td><a href="#m68">testGetSquare</a></td></tr><tr class="passedeven"><td><a href="#m69">testIsQuadrate</a></td><td rowspan="6">1549467433974</td><td rowspan="6">0</td></tr><tr class="passedeven"><td><a href="#m70">testIsQuadrate</a></td></tr><tr class="passedeven"><td><a href="#m71">testIsQuadrate</a></td></tr><tr class="passedeven"><td><a href="#m72">testIsQuadrate</a></td></tr><tr class="passedeven"><td><a href="#m73">testIsQuadrate</a></td></tr><tr class="passedeven"><td><a href="#m74">testIsQuadrate</a></td></tr></tbody>
</table>
<h2>QuadrateParameter1</h2><h3 id="m0">jar.quadrate.TestsForQuadrate#testGetPerimeter</h3><table class="result"><tr class="param"><th>Parameter #1</th></tr><tr class="param stripe"><td>-26.594</td></tr><tr><th>Exception</th></tr><tr><td><div class="stacktrace">java.lang.AssertionError: expected [-106.376] but found [106.376]
	at jar.quadrate.TestsForQuadrate.testGetPerimeter(TestsForQuadrate.java:23)
... Removed 30 stack frames</div></td></tr></table><p class="totop"><a href="#summary">back to summary</a></p>
<h3 id="m1">jar.quadrate.TestsForQuadrate#testGetQuadrate</h3><table class="result"><tr class="param"><th>Parameter #1</th></tr><tr class="param stripe"><td>-26.594</td></tr></table><p class="totop"><a href="#summary">back to summary</a></p>
<h3 id="m2">jar.quadrate.TestsForQuadrate#testGetSquare</h3><table class="result"><tr class="param"><th>Parameter #1</th></tr><tr class="param stripe"><td>-26.594</td></tr></table><p class="totop"><a href="#summary">back to summary</a></p>
<h2>QuadrateParameter2</h2><h3 id="m3">jar.quadrate.TestsForQuadrate#testGetPerimeter</h3><table class="result"><tr class="param"><th>Parameter #1</th></tr><tr class="param stripe"><td>-3.0</td></tr><tr><th>Exception</th></tr><tr><td><div class="stacktrace">java.lang.AssertionError: expected [-12.0] but found [12.0]
	at jar.quadrate.TestsForQuadrate.testGetPerimeter(TestsForQuadrate.java:23)
... Removed 30 stack frames</div></td></tr></table><p class="totop"><a href="#summary">back to summary</a></p>
<h3 id="m4">jar.quadrate.TestsForQuadrate#testGetQuadrate</h3><table class="result"><tr class="param"><th>Parameter #1</th></tr><tr class="param stripe"><td>-3.0</td></tr></table><p class="totop"><a href="#summary">back to summary</a></p>
<h3 id="m5">jar.quadrate.TestsForQuadrate#testGetSquare</h3><table class="result"><tr class="param"><th>Parameter #1</th></tr><tr class="param stripe"><td>-3.0</td></tr></table><p class="totop"><a href="#summary">back to summary</a></p>
<h2>QuadrateParameter3</h2><h3 id="m6">jar.quadrate.TestsForQuadrate#testGetPerimeter</h3><table class="result"><tr class="param"><th>Parameter #1</th></tr><tr class="param stripe"><td>0.0</td></tr><tr><th>Exception</th></tr><tr><td><div class="stacktrace">java.lang.AssertionError: expected [0.0] but found [-1.0]
	at jar.quadrate.TestsForQuadrate.testGetPerimeter(TestsForQuadrate.java:23)
... Removed 30 stack frames</div></td></tr></table><p class="totop"><a href="#summary">back to summary</a></p>
<h3 id="m7">jar.quadrate.TestsForQuadrate#testGetQuadrate</h3><table class="result"><tr class="param"><th>Parameter #1</th></tr><tr class="param stripe"><td>0.0</td></tr></table><p class="totop"><a href="#summary">back to summary</a></p>
<h3 id="m8">jar.quadrate.TestsForQuadrate#testGetSquare</h3><table class="result"><tr class="param"><th>Parameter #1</th></tr><tr class="param stripe"><td>0.0</td></tr></table><p class="totop"><a href="#summary">back to summary</a></p>
<h2>QuadrateParameter4</h2><h3 id="m9">jar.quadrate.TestsForQuadrate#testGetPerimeter</h3><table class="result"><tr class="param"><th>Parameter #1</th></tr><tr class="param stripe"><td>3.0</td></tr></table><p class="totop"><a href="#summary">back to summary</a></p>
<h3 id="m10">jar.quadrate.TestsForQuadrate#testGetQuadrate</h3><table class="result"><tr class="param"><th>Parameter #1</th></tr><tr class="param stripe"><td>3.0</td></tr></table><p class="totop"><a href="#summary">back to summary</a></p>
<h3 id="m11">jar.quadrate.TestsForQuadrate#testGetSquare</h3><table class="result"><tr class="param"><th>Parameter #1</th></tr><tr class="param stripe"><td>3.0</td></tr></table><p class="totop"><a href="#summary">back to summary</a></p>
<h2>QuadrateParameter5</h2><h3 id="m12">jar.quadrate.TestsForQuadrate#testGetPerimeter</h3><table class="result"><tr class="param"><th>Parameter #1</th></tr><tr class="param stripe"><td>26.594</td></tr></table><p class="totop"><a href="#summary">back to summary</a></p>
<h3 id="m13">jar.quadrate.TestsForQuadrate#testGetQuadrate</h3><table class="result"><tr class="param"><th>Parameter #1</th></tr><tr class="param stripe"><td>26.594</td></tr></table><p class="totop"><a href="#summary">back to summary</a></p>
<h3 id="m14">jar.quadrate.TestsForQuadrate#testGetSquare</h3><table class="result"><tr class="param"><th>Parameter #1</th></tr><tr class="param stripe"><td>26.594</td></tr></table><p class="totop"><a href="#summary">back to summary</a></p>
<h2>QuadrateParameter6</h2><h3 id="m15">jar.ExpectedExeption#testForFailing</h3><table class="result"><tr class="param"><th>Parameter #1</th></tr><tr class="param stripe"><td>-125.0</td></tr><tr><th>Exception</th></tr><tr><td><div class="stacktrace">org.testng.TestException: 
Method ExpectedExeption.testForFailing(double)[pri:0, instance:jar.ExpectedExeption@b968a76] should have thrown an exception of type class java.lang.Exception
... Removed 22 stack frames</div></td></tr></table><p class="totop"><a href="#summary">back to summary</a></p>
<h2>TestsWithFactoryForCircle</h2><h3 id="m16">jar.circle.TestsForCircle#testGetCircumference</h3><table class="result"><tr><th>Exception</th></tr><tr><td><div class="stacktrace">java.lang.AssertionError: expected [22.305] but found [140.146]
	at jar.circle.TestsForCircle.testGetCircumference(TestsForCircle.java:26)
... Removed 30 stack frames</div></td></tr></table><p class="totop"><a href="#summary">back to summary</a></p>
<h3 id="m17">jar.circle.TestsForCircle#testGetCircumference</h3><table class="result"><tr><th>Exception</th></tr><tr><td><div class="stacktrace">java.lang.AssertionError: expected [-22.305] but found [140.146]
	at jar.circle.TestsForCircle.testGetCircumference(TestsForCircle.java:26)
... Removed 30 stack frames</div></td></tr></table><p class="totop"><a href="#summary">back to summary</a></p>
<h3 id="m18">jar.circle.TestsForCircle#testGetCircumference</h3><table class="result"><tr><th>Exception</th></tr><tr><td><div class="stacktrace">java.lang.AssertionError: expected [-18.85] but found [118.438]
	at jar.circle.TestsForCircle.testGetCircumference(TestsForCircle.java:26)
... Removed 30 stack frames</div></td></tr></table><p class="totop"><a href="#summary">back to summary</a></p>
<h3 id="m19">jar.circle.TestsForCircle#testGetCircumference</h3><table class="result"><tr><th>Exception</th></tr><tr><td><div class="stacktrace">java.lang.AssertionError: expected [18.85] but found [118.438]
	at jar.circle.TestsForCircle.testGetCircumference(TestsForCircle.java:26)
... Removed 30 stack frames</div></td></tr></table><p class="totop"><a href="#summary">back to summary</a></p>
<h3 id="m20">jar.circle.TestsForCircle#testGetSquare</h3><table class="result"><tr><th>Exception</th></tr><tr><td><div class="stacktrace">java.lang.AssertionError: expected [28.274] but found [0.0]
	at jar.circle.TestsForCircle.testGetSquare(TestsForCircle.java:34)
... Removed 30 stack frames</div></td></tr></table><p class="totop"><a href="#summary">back to summary</a></p>
<h3 id="m21">jar.circle.TestsForCircle#testGetSquare</h3><table class="result"><tr><th>Exception</th></tr><tr><td><div class="stacktrace">java.lang.AssertionError: expected [39.592] but found [0.0]
	at jar.circle.TestsForCircle.testGetSquare(TestsForCircle.java:34)
... Removed 30 stack frames</div></td></tr></table><p class="totop"><a href="#summary">back to summary</a></p>
<h3 id="m22">jar.circle.TestsForCircle#testGetCircle</h3><table class="result"><tr><th class="invisible"/></tr></table><p class="totop"><a href="#summary">back to summary</a></p>
<h3 id="m23">jar.circle.TestsForCircle#testGetCircle</h3><table class="result"><tr><th class="invisible"/></tr></table><p class="totop"><a href="#summary">back to summary</a></p>
<h3 id="m24">jar.circle.TestsForCircle#testGetCircle</h3><table class="result"><tr><th class="invisible"/></tr></table><p class="totop"><a href="#summary">back to summary</a></p>
<h3 id="m25">jar.circle.TestsForCircle#testGetCircle</h3><table class="result"><tr><th class="invisible"/></tr></table><p class="totop"><a href="#summary">back to summary</a></p>
<h3 id="m26">jar.circle.TestsForCircle#testGetCircle</h3><table class="result"><tr><th class="invisible"/></tr></table><p class="totop"><a href="#summary">back to summary</a></p>
<h3 id="m27">jar.circle.TestsForCircle#testGetCircumference</h3><table class="result"><tr><th class="invisible"/></tr></table><p class="totop"><a href="#summary">back to summary</a></p>
<h3 id="m28">jar.circle.TestsForCircle#testGetSquare</h3><table class="result"><tr><th class="invisible"/></tr></table><p class="totop"><a href="#summary">back to summary</a></p>
<h3 id="m29">jar.circle.TestsForCircle#testGetSquare</h3><table class="result"><tr><th class="invisible"/></tr></table><p class="totop"><a href="#summary">back to summary</a></p>
<h3 id="m30">jar.circle.TestsForCircle#testGetSquare</h3><table class="result"><tr><th class="invisible"/></tr></table><p class="totop"><a href="#summary">back to summary</a></p>
<h2>TestsWithDataProviderForRectangle</h2><h3 id="m31">jar.rectangle.TestsForRectangle#testGetPerimeter</h3><table class="result"><tr class="param"><th>Parameter #1</th><th>Parameter #2</th></tr><tr class="param stripe"><td>56.32</td><td>56.23</td></tr><tr><th colspan="2">Exception</th></tr><tr><td colspan="2"><div class="stacktrace">java.lang.AssertionError: expected [168.78] but found [225.1]
	at jar.rectangle.TestsForRectangle.testGetPerimeter(TestsForRectangle.java:22)
... Removed 30 stack frames</div></td></tr></table><p class="totop"><a href="#summary">back to summary</a></p>
<h3 id="m32">jar.rectangle.TestsForRectangle#testGetPerimeter</h3><table class="result"><tr class="param"><th>Parameter #1</th><th>Parameter #2</th></tr><tr class="param stripe"><td>-6554.25</td><td>54.38</td></tr><tr><th colspan="2">Exception</th></tr><tr><td colspan="2"><div class="stacktrace">java.lang.AssertionError: expected [-6445.49] but found [13217.26]
	at jar.rectangle.TestsForRectangle.testGetPerimeter(TestsForRectangle.java:22)
... Removed 30 stack frames</div></td></tr></table><p class="totop"><a href="#summary">back to summary</a></p>
<h3 id="m33">jar.rectangle.TestsForRectangle#testGetPerimeter</h3><table class="result"><tr class="param"><th>Parameter #1</th><th>Parameter #2</th></tr><tr class="param stripe"><td>1.0E-14</td><td>26</td></tr><tr><th colspan="2">Exception</th></tr><tr><td colspan="2"><div class="stacktrace">java.lang.AssertionError: expected [52.00000000000001] but found [52.00000000000002]
	at jar.rectangle.TestsForRectangle.testGetPerimeter(TestsForRectangle.java:22)
... Removed 30 stack frames</div></td></tr></table><p class="totop"><a href="#summary">back to summary</a></p>
<h3 id="m34">jar.rectangle.TestsForRectangle#testGetPerimeter</h3><table class="result"><tr class="param"><th>Parameter #1</th><th>Parameter #2</th></tr><tr class="param stripe"><td>5.236</td><td>-5963.25</td></tr><tr><th colspan="2">Exception</th></tr><tr><td colspan="2"><div class="stacktrace">java.lang.AssertionError: expected [-11921.264] but found [11936.972]
	at jar.rectangle.TestsForRectangle.testGetPerimeter(TestsForRectangle.java:22)
... Removed 30 stack frames</div></td></tr></table><p class="totop"><a href="#summary">back to summary</a></p>
<h3 id="m35">jar.rectangle.TestsForRectangle#testGetPerimeter</h3><table class="result"><tr class="param"><th>Parameter #1</th><th>Parameter #2</th></tr><tr class="param stripe"><td>5.0E-13</td><td>5.0E-13</td></tr><tr><th colspan="2">Exception</th></tr><tr><td colspan="2"><div class="stacktrace">java.lang.AssertionError: expected [1.5E-12] but found [2.0E-12]
	at jar.rectangle.TestsForRectangle.testGetPerimeter(TestsForRectangle.java:22)
... Removed 30 stack frames</div></td></tr></table><p class="totop"><a href="#summary">back to summary</a></p>
<h3 id="m36">jar.rectangle.TestsForRectangle#testGetPerimeter</h3><table class="result"><tr class="param"><th>Parameter #1</th><th>Parameter #2</th></tr><tr class="param stripe"><td>-8454.4554</td><td>0</td></tr><tr><th colspan="2">Exception</th></tr><tr><td colspan="2"><div class="stacktrace">java.lang.AssertionError: expected [-8454.4554] but found [16908.9108]
	at jar.rectangle.TestsForRectangle.testGetPerimeter(TestsForRectangle.java:22)
... Removed 30 stack frames</div></td></tr></table><p class="totop"><a href="#summary">back to summary</a></p>
<h3 id="m37">jar.rectangle.TestsForRectangle#testGetPerimeter</h3><table class="result"><tr class="param"><th>Parameter #1</th><th>Parameter #2</th></tr><tr class="param stripe"><td>1</td><td>56.958686</td></tr><tr><th colspan="2">Exception</th></tr><tr><td colspan="2"><div class="stacktrace">java.lang.AssertionError: expected [114.917372] but found [115.917372]
	at jar.rectangle.TestsForRectangle.testGetPerimeter(TestsForRectangle.java:22)
... Removed 30 stack frames</div></td></tr></table><p class="totop"><a href="#summary">back to summary</a></p>
<h3 id="m38">jar.rectangle.TestsForRectangle#testGetPerimeter</h3><table class="result"><tr class="param"><th>Parameter #1</th><th>Parameter #2</th></tr><tr class="param stripe"><td>0</td><td>-8</td></tr><tr><th colspan="2">Exception</th></tr><tr><td colspan="2"><div class="stacktrace">java.lang.AssertionError: expected [-16.0] but found [16.0]
	at jar.rectangle.TestsForRectangle.testGetPerimeter(TestsForRectangle.java:22)
... Removed 30 stack frames</div></td></tr></table><p class="totop"><a href="#summary">back to summary</a></p>
<h3 id="m39">jar.rectangle.TestsForRectangle#testGetPerimeter</h3><table class="result"><tr class="param"><th>Parameter #1</th><th>Parameter #2</th></tr><tr class="param stripe"><td>-6</td><td>-85</td></tr><tr><th colspan="2">Exception</th></tr><tr><td colspan="2"><div class="stacktrace">java.lang.AssertionError: expected [-176.0] but found [182.0]
	at jar.rectangle.TestsForRectangle.testGetPerimeter(TestsForRectangle.java:22)
... Removed 30 stack frames</div></td></tr></table><p class="totop"><a href="#summary">back to summary</a></p>
<h3 id="m40">jar.rectangle.TestsForRectangle#testGetPerimeter</h3><table class="result"><tr class="param"><th>Parameter #1</th><th>Parameter #2</th></tr><tr class="param stripe"><td>2</td><td>2</td></tr><tr><th colspan="2">Exception</th></tr><tr><td colspan="2"><div class="stacktrace">java.lang.AssertionError: expected [6.0] but found [8.0]
	at jar.rectangle.TestsForRectangle.testGetPerimeter(TestsForRectangle.java:22)
... Removed 30 stack frames</div></td></tr></table><p class="totop"><a href="#summary">back to summary</a></p>
<h3 id="m41">jar.rectangle.TestsForRectangle#testGetSquare</h3><table class="result"><tr class="param"><th>Parameter #1</th><th>Parameter #2</th></tr><tr class="param stripe"><td>0</td><td>-8</td></tr><tr><th colspan="2">Exception</th></tr><tr><td colspan="2"><div class="stacktrace">java.lang.AssertionError: expected [-0.0] but found [0.0]
	at jar.rectangle.TestsForRectangle.testGetSquare(TestsForRectangle.java:29)
... Removed 30 stack frames</div></td></tr></table><p class="totop"><a href="#summary">back to summary</a></p>
<h3 id="m42">jar.rectangle.TestsForRectangle#testGetSquare</h3><table class="result"><tr class="param"><th>Parameter #1</th><th>Parameter #2</th></tr><tr class="param stripe"><td>-8454.4554</td><td>0</td></tr><tr><th colspan="2">Exception</th></tr><tr><td colspan="2"><div class="stacktrace">java.lang.AssertionError: expected [-0.0] but found [7.147781611058918E7]
	at jar.rectangle.TestsForRectangle.testGetSquare(TestsForRectangle.java:29)
... Removed 30 stack frames</div></td></tr></table><p class="totop"><a href="#summary">back to summary</a></p>
<h3 id="m43">jar.rectangle.TestsForRectangle#testGetSquare</h3><table class="result"><tr class="param"><th>Parameter #1</th><th>Parameter #2</th></tr><tr class="param stripe"><td>56.32</td><td>56.23</td></tr><tr><th colspan="2">Exception</th></tr><tr><td colspan="2"><div class="stacktrace">java.lang.AssertionError: expected [3166.8736] but found [3171.9424]
	at jar.rectangle.TestsForRectangle.testGetSquare(TestsForRectangle.java:29)
... Removed 30 stack frames</div></td></tr></table><p class="totop"><a href="#summary">back to summary</a></p>
<h3 id="m44">jar.rectangle.TestsForRectangle#testGetSquare</h3><table class="result"><tr class="param"><th>Parameter #1</th><th>Parameter #2</th></tr><tr class="param stripe"><td>5.236</td><td>-5963.25</td></tr><tr><th colspan="2">Exception</th></tr><tr><td colspan="2"><div class="stacktrace">java.lang.AssertionError: expected [-31223.576999999997] but found [31223.576999999997]
	at jar.rectangle.TestsForRectangle.testGetSquare(TestsForRectangle.java:29)
... Removed 30 stack frames</div></td></tr></table><p class="totop"><a href="#summary">back to summary</a></p>
<h3 id="m45">jar.rectangle.TestsForRectangle#testGetSquare</h3><table class="result"><tr class="param"><th>Parameter #1</th><th>Parameter #2</th></tr><tr class="param stripe"><td>-6554.25</td><td>54.38</td></tr><tr><th colspan="2">Exception</th></tr><tr><td colspan="2"><div class="stacktrace">java.lang.AssertionError: expected [-356420.115] but found [4.29581930625E7]
	at jar.rectangle.TestsForRectangle.testGetSquare(TestsForRectangle.java:29)
... Removed 30 stack frames</div></td></tr></table><p class="totop"><a href="#summary">back to summary</a></p>
<h3 id="m46">jar.rectangle.TestsForRectangle#testIsQuadrate</h3><table class="result"><tr class="param"><th>Parameter #1</th><th>Parameter #2</th></tr><tr class="param stripe"><td>1.0E-14</td><td>26</td></tr><tr><th colspan="2">Exception</th></tr><tr><td colspan="2"><div class="stacktrace">java.lang.AssertionError: expected [false] but found [true]
	at jar.rectangle.TestsForRectangle.testIsQuadrate(TestsForRectangle.java:36)
... Removed 31 stack frames</div></td></tr></table><p class="totop"><a href="#summary">back to summary</a></p>
<h3 id="m47">jar.rectangle.TestsForRectangle#testIsQuadrate</h3><table class="result"><tr class="param"><th>Parameter #1</th><th>Parameter #2</th></tr><tr class="param stripe"><td>1</td><td>56.958686</td></tr><tr><th colspan="2">Exception</th></tr><tr><td colspan="2"><div class="stacktrace">java.lang.AssertionError: expected [false] but found [true]
	at jar.rectangle.TestsForRectangle.testIsQuadrate(TestsForRectangle.java:36)
... Removed 31 stack frames</div></td></tr></table><p class="totop"><a href="#summary">back to summary</a></p>
<h3 id="m48">jar.rectangle.TestsForRectangle#testIsQuadrate</h3><table class="result"><tr class="param"><th>Parameter #1</th><th>Parameter #2</th></tr><tr class="param stripe"><td>-6</td><td>-85</td></tr><tr><th colspan="2">Exception</th></tr><tr><td colspan="2"><div class="stacktrace">java.lang.AssertionError: expected [false] but found [true]
	at jar.rectangle.TestsForRectangle.testIsQuadrate(TestsForRectangle.java:36)
... Removed 31 stack frames</div></td></tr></table><p class="totop"><a href="#summary">back to summary</a></p>
<h3 id="m49">jar.rectangle.TestsForRectangle#testIsQuadrate</h3><table class="result"><tr class="param"><th>Parameter #1</th><th>Parameter #2</th></tr><tr class="param stripe"><td>5.236</td><td>-5963.25</td></tr><tr><th colspan="2">Exception</th></tr><tr><td colspan="2"><div class="stacktrace">java.lang.AssertionError: expected [false] but found [true]
	at jar.rectangle.TestsForRectangle.testIsQuadrate(TestsForRectangle.java:36)
... Removed 31 stack frames</div></td></tr></table><p class="totop"><a href="#summary">back to summary</a></p>
<h3 id="m50">jar.rectangle.TestsForRectangle#testIsQuadrate</h3><table class="result"><tr class="param"><th>Parameter #1</th><th>Parameter #2</th></tr><tr class="param stripe"><td>0</td><td>-8</td></tr><tr><th colspan="2">Exception</th></tr><tr><td colspan="2"><div class="stacktrace">java.lang.AssertionError: expected [false] but found [true]
	at jar.rectangle.TestsForRectangle.testIsQuadrate(TestsForRectangle.java:36)
... Removed 31 stack frames</div></td></tr></table><p class="totop"><a href="#summary">back to summary</a></p>
<h3 id="m51">jar.rectangle.TestsForRectangle#testGetPerimeter</h3><table class="result"><tr class="param"><th>Parameter #1</th><th>Parameter #2</th></tr><tr class="param stripe"><td>0</td><td>0</td></tr></table><p class="totop"><a href="#summary">back to summary</a></p>
<h3 id="m52">jar.rectangle.TestsForRectangle#testGetRectangle</h3><table class="result"><tr class="param"><th>Parameter #1</th><th>Parameter #2</th></tr><tr class="param stripe"><td>0</td><td>-8</td></tr></table><p class="totop"><a href="#summary">back to summary</a></p>
<h3 id="m53">jar.rectangle.TestsForRectangle#testGetRectangle</h3><table class="result"><tr class="param"><th>Parameter #1</th><th>Parameter #2</th></tr><tr class="param stripe"><td>56.32</td><td>56.23</td></tr></table><p class="totop"><a href="#summary">back to summary</a></p>
<h3 id="m54">jar.rectangle.TestsForRectangle#testGetRectangle</h3><table class="result"><tr class="param"><th>Parameter #1</th><th>Parameter #2</th></tr><tr class="param stripe"><td>-6554.25</td><td>54.38</td></tr></table><p class="totop"><a href="#summary">back to summary</a></p>
<h3 id="m55">jar.rectangle.TestsForRectangle#testGetRectangle</h3><table class="result"><tr class="param"><th>Parameter #1</th><th>Parameter #2</th></tr><tr class="param stripe"><td>2</td><td>2</td></tr></table><p class="totop"><a href="#summary">back to summary</a></p>
<h3 id="m56">jar.rectangle.TestsForRectangle#testGetRectangle</h3><table class="result"><tr class="param"><th>Parameter #1</th><th>Parameter #2</th></tr><tr class="param stripe"><td>-8454.4554</td><td>0</td></tr></table><p class="totop"><a href="#summary">back to summary</a></p>
<h3 id="m57">jar.rectangle.TestsForRectangle#testGetRectangle</h3><table class="result"><tr class="param"><th>Parameter #1</th><th>Parameter #2</th></tr><tr class="param stripe"><td>5.236</td><td>-5963.25</td></tr></table><p class="totop"><a href="#summary">back to summary</a></p>
<h3 id="m58">jar.rectangle.TestsForRectangle#testGetRectangle</h3><table class="result"><tr class="param"><th>Parameter #1</th><th>Parameter #2</th></tr><tr class="param stripe"><td>1</td><td>56.958686</td></tr></table><p class="totop"><a href="#summary">back to summary</a></p>
<h3 id="m59">jar.rectangle.TestsForRectangle#testGetRectangle</h3><table class="result"><tr class="param"><th>Parameter #1</th><th>Parameter #2</th></tr><tr class="param stripe"><td>1.0E-14</td><td>26</td></tr></table><p class="totop"><a href="#summary">back to summary</a></p>
<h3 id="m60">jar.rectangle.TestsForRectangle#testGetRectangle</h3><table class="result"><tr class="param"><th>Parameter #1</th><th>Parameter #2</th></tr><tr class="param stripe"><td>-6</td><td>-85</td></tr></table><p class="totop"><a href="#summary">back to summary</a></p>
<h3 id="m61">jar.rectangle.TestsForRectangle#testGetRectangle</h3><table class="result"><tr class="param"><th>Parameter #1</th><th>Parameter #2</th></tr><tr class="param stripe"><td>5.0E-13</td><td>5.0E-13</td></tr></table><p class="totop"><a href="#summary">back to summary</a></p>
<h3 id="m62">jar.rectangle.TestsForRectangle#testGetRectangle</h3><table class="result"><tr class="param"><th>Parameter #1</th><th>Parameter #2</th></tr><tr class="param stripe"><td>0</td><td>0</td></tr></table><p class="totop"><a href="#summary">back to summary</a></p>
<h3 id="m63">jar.rectangle.TestsForRectangle#testGetSquare</h3><table class="result"><tr class="param"><th>Parameter #1</th><th>Parameter #2</th></tr><tr class="param stripe"><td>2</td><td>2</td></tr></table><p class="totop"><a href="#summary">back to summary</a></p>
<h3 id="m64">jar.rectangle.TestsForRectangle#testGetSquare</h3><table class="result"><tr class="param"><th>Parameter #1</th><th>Parameter #2</th></tr><tr class="param stripe"><td>0</td><td>0</td></tr></table><p class="totop"><a href="#summary">back to summary</a></p>
<h3 id="m65">jar.rectangle.TestsForRectangle#testGetSquare</h3><table class="result"><tr class="param"><th>Parameter #1</th><th>Parameter #2</th></tr><tr class="param stripe"><td>1</td><td>56.958686</td></tr></table><p class="totop"><a href="#summary">back to summary</a></p>
<h3 id="m66">jar.rectangle.TestsForRectangle#testGetSquare</h3><table class="result"><tr class="param"><th>Parameter #1</th><th>Parameter #2</th></tr><tr class="param stripe"><td>-6</td><td>-85</td></tr></table><p class="totop"><a href="#summary">back to summary</a></p>
<h3 id="m67">jar.rectangle.TestsForRectangle#testGetSquare</h3><table class="result"><tr class="param"><th>Parameter #1</th><th>Parameter #2</th></tr><tr class="param stripe"><td>5.0E-13</td><td>5.0E-13</td></tr></table><p class="totop"><a href="#summary">back to summary</a></p>
<h3 id="m68">jar.rectangle.TestsForRectangle#testGetSquare</h3><table class="result"><tr class="param"><th>Parameter #1</th><th>Parameter #2</th></tr><tr class="param stripe"><td>1.0E-14</td><td>26</td></tr></table><p class="totop"><a href="#summary">back to summary</a></p>
<h3 id="m69">jar.rectangle.TestsForRectangle#testIsQuadrate</h3><table class="result"><tr class="param"><th>Parameter #1</th><th>Parameter #2</th></tr><tr class="param stripe"><td>5.0E-13</td><td>5.0E-13</td></tr></table><p class="totop"><a href="#summary">back to summary</a></p>
<h3 id="m70">jar.rectangle.TestsForRectangle#testIsQuadrate</h3><table class="result"><tr class="param"><th>Parameter #1</th><th>Parameter #2</th></tr><tr class="param stripe"><td>0</td><td>0</td></tr></table><p class="totop"><a href="#summary">back to summary</a></p>
<h3 id="m71">jar.rectangle.TestsForRectangle#testIsQuadrate</h3><table class="result"><tr class="param"><th>Parameter #1</th><th>Parameter #2</th></tr><tr class="param stripe"><td>56.32</td><td>56.23</td></tr></table><p class="totop"><a href="#summary">back to summary</a></p>
<h3 id="m72">jar.rectangle.TestsForRectangle#testIsQuadrate</h3><table class="result"><tr class="param"><th>Parameter #1</th><th>Parameter #2</th></tr><tr class="param stripe"><td>-6554.25</td><td>54.38</td></tr></table><p class="totop"><a href="#summary">back to summary</a></p>
<h3 id="m73">jar.rectangle.TestsForRectangle#testIsQuadrate</h3><table class="result"><tr class="param"><th>Parameter #1</th><th>Parameter #2</th></tr><tr class="param stripe"><td>2</td><td>2</td></tr></table><p class="totop"><a href="#summary">back to summary</a></p>
<h3 id="m74">jar.rectangle.TestsForRectangle#testIsQuadrate</h3><table class="result"><tr class="param"><th>Parameter #1</th><th>Parameter #2</th></tr><tr class="param stripe"><td>-8454.4554</td><td>0</td></tr></table><p class="totop"><a href="#summary">back to summary</a></p>
</body>
</html>
